<?xml version="1.0" encoding="utf-8"?><testsuites><testsuite name="pytest" errors="0" failures="0" skipped="0" tests="5" time="0.929" timestamp="2025-10-24T18:22:56:14.01162+00:00" hostname="runnervmwhb2z"><testcase classname="tests.test_login_sql_injection" name="test_login_should_not_allow_sql_injection" time="0.069" /><testcase classname="tests.test_login_sql_injection" name="test_login_should_fail_if_username_is_invalid" time="0.003" /><testcase classname="tests.test_login_sql_injection" name="test_login_should_fail_if_password_is_invalid" time="0.003" /><testcase classname="tests.test_search_sql_like" name="test_search_should_not_return_all_on_injection" time="0.008" /><testcase classname="tests.test_xss_escaping" name="test_echo_should_escape_script_tags" time="0.022" /></testsuite></testsuites>